\BOOKMARK [1][-]{section.1}{心情}{}% 1
\BOOKMARK [2][-]{subsection.1.1}{喜欢的事情}{section.1}% 2
\BOOKMARK [2][-]{subsection.1.2}{喜欢的感觉}{section.1}% 3
\BOOKMARK [2][-]{subsection.1.3}{讨厌的事情（排名分先后）}{section.1}% 4
\BOOKMARK [2][-]{subsection.1.4}{身体上的怪癖}{section.1}% 5
\BOOKMARK [2][-]{subsection.1.5}{精神上的怪癖}{section.1}% 6
\BOOKMARK [1][-]{section.2}{价值观、人生观、世界观}{}% 7
\BOOKMARK [1][-]{section.3}{梦想}{}% 8
\BOOKMARK [1][-]{section.4}{行为}{}% 9
\BOOKMARK [2][-]{subsection.4.1}{兴趣}{section.4}% 10
\BOOKMARK [2][-]{subsection.4.2}{喜欢的行为}{section.4}% 11
\BOOKMARK [1][-]{section.5}{信仰}{}% 12
\BOOKMARK [1][-]{section.6}{派系}{}% 13
\BOOKMARK [1][-]{section.7}{最喜欢的…}{}% 14
\BOOKMARK [2][-]{subsection.7.1}{帝王}{section.7}% 15
\BOOKMARK [2][-]{subsection.7.2}{食物}{section.7}% 16
\BOOKMARK [2][-]{subsection.7.3}{颜色}{section.7}% 17
\BOOKMARK [2][-]{subsection.7.4}{虚构人物}{section.7}% 18
\BOOKMARK [1][-]{section.8}{优点}{}% 19
\BOOKMARK [1][-]{section.9}{缺点}{}% 20
\BOOKMARK [1][-]{section.10}{目前烦恼}{}% 21
\BOOKMARK [1][-]{section.11}{希望成为…}{}% 22
\BOOKMARK [1][-]{section.12}{喜欢的类型（男）}{}% 23
\BOOKMARK [1][-]{section.13}{喜欢的类型（女）}{}% 24
\BOOKMARK [1][-]{section.14}{择偶标准}{}% 25
\BOOKMARK [1][-]{section.15}{用词标准}{}% 26
