Release 12.4 - xst M.81d (lin64)
Copyright (c) 1995-2010 Xilinx, Inc.  All rights reserved.
--> 
Parameter TMPDIR set to xst/projnav.tmp


Total REAL time to Xst completion: 0.00 secs
Total CPU time to Xst completion: 0.03 secs
 
--> 
Parameter xsthdpdir set to xst


Total REAL time to Xst completion: 0.00 secs
Total CPU time to Xst completion: 0.03 secs
 
--> 
Reading design: toplevel.prj

TABLE OF CONTENTS
  1) Synthesis Options Summary
  2) HDL Compilation
  3) Design Hierarchy Analysis
  4) HDL Analysis
  5) HDL Synthesis
     5.1) HDL Synthesis Report
  6) Advanced HDL Synthesis
     6.1) Advanced HDL Synthesis Report
  7) Low Level Synthesis
  8) Partition Report
  9) Final Report
	9.1) Device utilization summary
	9.2) Partition Resource Summary
	9.3) TIMING REPORT


=========================================================================
*                      Synthesis Options Summary                        *
=========================================================================
---- Source Parameters
Input File Name                    : "toplevel.prj"
Input Format                       : mixed
Ignore Synthesis Constraint File   : NO

---- Target Parameters
Output File Name                   : "toplevel"
Output Format                      : NGC
Target Device                      : xc3s1200e-4-fg320

---- Source Options
Top Module Name                    : toplevel
Automatic FSM Extraction           : YES
FSM Encoding Algorithm             : Auto
Safe Implementation                : No
FSM Style                          : LUT
RAM Extraction                     : Yes
RAM Style                          : Auto
ROM Extraction                     : Yes
Mux Style                          : Auto
Decoder Extraction                 : YES
Priority Encoder Extraction        : Yes
Shift Register Extraction          : YES
Logical Shifter Extraction         : YES
XOR Collapsing                     : YES
ROM Style                          : Auto
Mux Extraction                     : Yes
Resource Sharing                   : YES
Asynchronous To Synchronous        : NO
Multiplier Style                   : Auto
Automatic Register Balancing       : No

---- Target Options
Add IO Buffers                     : YES
Global Maximum Fanout              : 500
Add Generic Clock Buffer(BUFG)     : 24
Register Duplication               : YES
Slice Packing                      : YES
Optimize Instantiated Primitives   : NO
Use Clock Enable                   : Yes
Use Synchronous Set                : Yes
Use Synchronous Reset              : Yes
Pack IO Registers into IOBs        : Auto
Equivalent register Removal        : YES

---- General Options
Optimization Goal                  : Speed
Optimization Effort                : 1
Keep Hierarchy                     : No
Netlist Hierarchy                  : As_Optimized
RTL Output                         : Yes
Global Optimization                : AllClockNets
Read Cores                         : YES
Write Timing Constraints           : NO
Cross Clock Analysis               : NO
Hierarchy Separator                : /
Bus Delimiter                      : <>
Case Specifier                     : Maintain
Slice Utilization Ratio            : 100
BRAM Utilization Ratio             : 100
Verilog 2001                       : YES
Auto BRAM Packing                  : NO
Slice Utilization Ratio Delta      : 5

=========================================================================


=========================================================================
*                          HDL Compilation                              *
=========================================================================
Compiling vhdl file "/home/l3/yangz/Documents/TPs/Archi/Archi/x7seg.vhd" in Library work.
Entity <x7seg> compiled.
Entity <x7seg> (Architecture <behavioral>) compiled.
Compiling verilog file "toplevel.vf" in library work
Module <OBUF8_MXILINX_toplevel> compiled
Module <IBUF8_MXILINX_toplevel> compiled
Module <toplevel> compiled
No errors in compilation
Analysis of file <"toplevel.prj"> succeeded.
 

=========================================================================
*                     Design Hierarchy Analysis                         *
=========================================================================
Analyzing hierarchy for module <toplevel> in library <work>.

Analyzing hierarchy for module <IBUF8_MXILINX_toplevel> in library <work>.

Analyzing hierarchy for module <OBUF8_MXILINX_toplevel> in library <work>.

Analyzing hierarchy for entity <x7seg> in library <work> (architecture <behavioral>).

WARNING:Xst:2591 - "toplevel.vf" line 66: attribute on instance <IBUF_DELAY_VALUE> overrides generic/parameter on entity. It is possible that simulator will not take this attribute into account.
WARNING:Xst:2591 - "toplevel.vf" line 66: attribute on instance <IFD_DELAY_VALUE> overrides generic/parameter on entity. It is possible that simulator will not take this attribute into account.
WARNING:Xst:2591 - "toplevel.vf" line 66: attribute on instance <IOSTANDARD> overrides generic/parameter on entity. It is possible that simulator will not take this attribute into account.
WARNING:Xst:2591 - "toplevel.vf" line 70: attribute on instance <IBUF_DELAY_VALUE> overrides generic/parameter on entity. It is possible that simulator will not take this attribute into account.
WARNING:Xst:2591 - "toplevel.vf" line 70: attribute on instance <IFD_DELAY_VALUE> overrides generic/parameter on entity. It is possible that simulator will not take this attribute into account.
WARNING:Xst:2591 - "toplevel.vf" line 70: attribute on instance <IOSTANDARD> overrides generic/parameter on entity. It is possible that simulator will not take this attribute into account.
WARNING:Xst:2591 - "toplevel.vf" line 74: attribute on instance <IBUF_DELAY_VALUE> overrides generic/parameter on entity. It is possible that simulator will not take this attribute into account.
WARNING:Xst:2591 - "toplevel.vf" line 74: attribute on instance <IFD_DELAY_VALUE> overrides generic/parameter on entity. It is possible that simulator will not take this attribute into account.
WARNING:Xst:2591 - "toplevel.vf" line 74: attribute on instance <IOSTANDARD> overrides generic/parameter on entity. It is possible that simulator will not take this attribute into account.
WARNING:Xst:2591 - "toplevel.vf" line 78: attribute on instance <IBUF_DELAY_VALUE> overrides generic/parameter on entity. It is possible that simulator will not take this attribute into account.
WARNING:Xst:2591 - "toplevel.vf" line 78: attribute on instance <IFD_DELAY_VALUE> overrides generic/parameter on entity. It is possible that simulator will not take this attribute into account.
WARNING:Xst:2591 - "toplevel.vf" line 78: attribute on instance <IOSTANDARD> overrides generic/parameter on entity. It is possible that simulator will not take this attribute into account.
WARNING:Xst:2591 - "toplevel.vf" line 82: attribute on instance <IBUF_DELAY_VALUE> overrides generic/parameter on entity. It is possible that simulator will not take this attribute into account.
WARNING:Xst:2591 - "toplevel.vf" line 82: attribute on instance <IFD_DELAY_VALUE> overrides generic/parameter on entity. It is possible that simulator will not take this attribute into account.
WARNING:Xst:2591 - "toplevel.vf" line 82: attribute on instance <IOSTANDARD> overrides generic/parameter on entity. It is possible that simulator will not take this attribute into account.
WARNING:Xst:2591 - "toplevel.vf" line 86: attribute on instance <IBUF_DELAY_VALUE> overrides generic/parameter on entity. It is possible that simulator will not take this attribute into account.
WARNING:Xst:2591 - "toplevel.vf" line 86: attribute on instance <IFD_DELAY_VALUE> overrides generic/parameter on entity. It is possible that simulator will not take this attribute into account.
WARNING:Xst:2591 - "toplevel.vf" line 86: attribute on instance <IOSTANDARD> overrides generic/parameter on entity. It is possible that simulator will not take this attribute into account.
WARNING:Xst:2591 - "toplevel.vf" line 90: attribute on instance <IBUF_DELAY_VALUE> overrides generic/parameter on entity. It is possible that simulator will not take this attribute into account.
WARNING:Xst:2591 - "toplevel.vf" line 90: attribute on instance <IFD_DELAY_VALUE> overrides generic/parameter on entity. It is possible that simulator will not take this attribute into account.
WARNING:Xst:2591 - "toplevel.vf" line 90: attribute on instance <IOSTANDARD> overrides generic/parameter on entity. It is possible that simulator will not take this attribute into account.
WARNING:Xst:2591 - "toplevel.vf" line 94: attribute on instance <IBUF_DELAY_VALUE> overrides generic/parameter on entity. It is possible that simulator will not take this attribute into account.
WARNING:Xst:2591 - "toplevel.vf" line 94: attribute on instance <IFD_DELAY_VALUE> overrides generic/parameter on entity. It is possible that simulator will not take this attribute into account.
WARNING:Xst:2591 - "toplevel.vf" line 94: attribute on instance <IOSTANDARD> overrides generic/parameter on entity. It is possible that simulator will not take this attribute into account.
WARNING:Xst:2591 - "toplevel.vf" line 31: attribute on instance <DRIVE> overrides generic/parameter on entity. It is possible that simulator will not take this attribute into account.
WARNING:Xst:2591 - "toplevel.vf" line 31: attribute on instance <IOSTANDARD> overrides generic/parameter on entity. It is possible that simulator will not take this attribute into account.
WARNING:Xst:2591 - "toplevel.vf" line 31: attribute on instance <SLEW> overrides generic/parameter on entity. It is possible that simulator will not take this attribute into account.
WARNING:Xst:2591 - "toplevel.vf" line 34: attribute on instance <DRIVE> overrides generic/parameter on entity. It is possible that simulator will not take this attribute into account.
WARNING:Xst:2591 - "toplevel.vf" line 34: attribute on instance <IOSTANDARD> overrides generic/parameter on entity. It is possible that simulator will not take this attribute into account.
WARNING:Xst:2591 - "toplevel.vf" line 34: attribute on instance <SLEW> overrides generic/parameter on entity. It is possible that simulator will not take this attribute into account.
WARNING:Xst:2591 - "toplevel.vf" line 37: attribute on instance <DRIVE> overrides generic/parameter on entity. It is possible that simulator will not take this attribute into account.
WARNING:Xst:2591 - "toplevel.vf" line 37: attribute on instance <IOSTANDARD> overrides generic/parameter on entity. It is possible that simulator will not take this attribute into account.
WARNING:Xst:2591 - "toplevel.vf" line 37: attribute on instance <SLEW> overrides generic/parameter on entity. It is possible that simulator will not take this attribute into account.
WARNING:Xst:2591 - "toplevel.vf" line 40: attribute on instance <DRIVE> overrides generic/parameter on entity. It is possible that simulator will not take this attribute into account.
WARNING:Xst:2591 - "toplevel.vf" line 40: attribute on instance <IOSTANDARD> overrides generic/parameter on entity. It is possible that simulator will not take this attribute into account.
WARNING:Xst:2591 - "toplevel.vf" line 40: attribute on instance <SLEW> overrides generic/parameter on entity. It is possible that simulator will not take this attribute into account.
WARNING:Xst:2591 - "toplevel.vf" line 43: attribute on instance <DRIVE> overrides generic/parameter on entity. It is possible that simulator will not take this attribute into account.
WARNING:Xst:2591 - "toplevel.vf" line 43: attribute on instance <IOSTANDARD> overrides generic/parameter on entity. It is possible that simulator will not take this attribute into account.
WARNING:Xst:2591 - "toplevel.vf" line 43: attribute on instance <SLEW> overrides generic/parameter on entity. It is possible that simulator will not take this attribute into account.
WARNING:Xst:2591 - "toplevel.vf" line 46: attribute on instance <DRIVE> overrides generic/parameter on entity. It is possible that simulator will not take this attribute into account.
WARNING:Xst:2591 - "toplevel.vf" line 46: attribute on instance <IOSTANDARD> overrides generic/parameter on entity. It is possible that simulator will not take this attribute into account.
WARNING:Xst:2591 - "toplevel.vf" line 46: attribute on instance <SLEW> overrides generic/parameter on entity. It is possible that simulator will not take this attribute into account.
WARNING:Xst:2591 - "toplevel.vf" line 49: attribute on instance <DRIVE> overrides generic/parameter on entity. It is possible that simulator will not take this attribute into account.
WARNING:Xst:2591 - "toplevel.vf" line 49: attribute on instance <IOSTANDARD> overrides generic/parameter on entity. It is possible that simulator will not take this attribute into account.
WARNING:Xst:2591 - "toplevel.vf" line 49: attribute on instance <SLEW> overrides generic/parameter on entity. It is possible that simulator will not take this attribute into account.
WARNING:Xst:2591 - "toplevel.vf" line 52: attribute on instance <DRIVE> overrides generic/parameter on entity. It is possible that simulator will not take this attribute into account.
WARNING:Xst:2591 - "toplevel.vf" line 52: attribute on instance <IOSTANDARD> overrides generic/parameter on entity. It is possible that simulator will not take this attribute into account.
WARNING:Xst:2591 - "toplevel.vf" line 52: attribute on instance <SLEW> overrides generic/parameter on entity. It is possible that simulator will not take this attribute into account.

=========================================================================
*                            HDL Analysis                               *
=========================================================================
Analyzing top module <toplevel>.
Module <toplevel> is correct for synthesis.
 
    Set user-defined property "HU_SET =  XLXI_1_0" for instance <XLXI_1> in unit <toplevel>.
    Set user-defined property "HU_SET =  XLXI_3_1" for instance <XLXI_3> in unit <toplevel>.
Analyzing module <IBUF8_MXILINX_toplevel> in library <work>.
Module <IBUF8_MXILINX_toplevel> is correct for synthesis.
 
    Set user-defined property "CAPACITANCE =  DONT_CARE" for instance <I_36_30> in unit <IBUF8_MXILINX_toplevel>.
    Set user-defined property "IBUF_DELAY_VALUE =  0" for instance <I_36_30> in unit <IBUF8_MXILINX_toplevel>.
    Set user-defined property "IBUF_LOW_PWR =  TRUE" for instance <I_36_30> in unit <IBUF8_MXILINX_toplevel>.
    Set user-defined property "IFD_DELAY_VALUE =  AUTO" for instance <I_36_30> in unit <IBUF8_MXILINX_toplevel>.
    Set user-defined property "IOSTANDARD =  DEFAULT" for instance <I_36_30> in unit <IBUF8_MXILINX_toplevel>.
    Set user-defined property "CAPACITANCE =  DONT_CARE" for instance <I_36_31> in unit <IBUF8_MXILINX_toplevel>.
    Set user-defined property "IBUF_DELAY_VALUE =  0" for instance <I_36_31> in unit <IBUF8_MXILINX_toplevel>.
    Set user-defined property "IBUF_LOW_PWR =  TRUE" for instance <I_36_31> in unit <IBUF8_MXILINX_toplevel>.
    Set user-defined property "IFD_DELAY_VALUE =  AUTO" for instance <I_36_31> in unit <IBUF8_MXILINX_toplevel>.
    Set user-defined property "IOSTANDARD =  DEFAULT" for instance <I_36_31> in unit <IBUF8_MXILINX_toplevel>.
    Set user-defined property "CAPACITANCE =  DONT_CARE" for instance <I_36_32> in unit <IBUF8_MXILINX_toplevel>.
    Set user-defined property "IBUF_DELAY_VALUE =  0" for instance <I_36_32> in unit <IBUF8_MXILINX_toplevel>.
    Set user-defined property "IBUF_LOW_PWR =  TRUE" for instance <I_36_32> in unit <IBUF8_MXILINX_toplevel>.
    Set user-defined property "IFD_DELAY_VALUE =  AUTO" for instance <I_36_32> in unit <IBUF8_MXILINX_toplevel>.
    Set user-defined property "IOSTANDARD =  DEFAULT" for instance <I_36_32> in unit <IBUF8_MXILINX_toplevel>.
    Set user-defined property "CAPACITANCE =  DONT_CARE" for instance <I_36_33> in unit <IBUF8_MXILINX_toplevel>.
    Set user-defined property "IBUF_DELAY_VALUE =  0" for instance <I_36_33> in unit <IBUF8_MXILINX_toplevel>.
    Set user-defined property "IBUF_LOW_PWR =  TRUE" for instance <I_36_33> in unit <IBUF8_MXILINX_toplevel>.
    Set user-defined property "IFD_DELAY_VALUE =  AUTO" for instance <I_36_33> in unit <IBUF8_MXILINX_toplevel>.
    Set user-defined property "IOSTANDARD =  DEFAULT" for instance <I_36_33> in unit <IBUF8_MXILINX_toplevel>.
    Set user-defined property "CAPACITANCE =  DONT_CARE" for instance <I_36_34> in unit <IBUF8_MXILINX_toplevel>.
    Set user-defined property "IBUF_DELAY_VALUE =  0" for instance <I_36_34> in unit <IBUF8_MXILINX_toplevel>.
    Set user-defined property "IBUF_LOW_PWR =  TRUE" for instance <I_36_34> in unit <IBUF8_MXILINX_toplevel>.
    Set user-defined property "IFD_DELAY_VALUE =  AUTO" for instance <I_36_34> in unit <IBUF8_MXILINX_toplevel>.
    Set user-defined property "IOSTANDARD =  DEFAULT" for instance <I_36_34> in unit <IBUF8_MXILINX_toplevel>.
    Set user-defined property "CAPACITANCE =  DONT_CARE" for instance <I_36_35> in unit <IBUF8_MXILINX_toplevel>.
    Set user-defined property "IBUF_DELAY_VALUE =  0" for instance <I_36_35> in unit <IBUF8_MXILINX_toplevel>.
    Set user-defined property "IBUF_LOW_PWR =  TRUE" for instance <I_36_35> in unit <IBUF8_MXILINX_toplevel>.
    Set user-defined property "IFD_DELAY_VALUE =  AUTO" for instance <I_36_35> in unit <IBUF8_MXILINX_toplevel>.
    Set user-defined property "IOSTANDARD =  DEFAULT" for instance <I_36_35> in unit <IBUF8_MXILINX_toplevel>.
    Set user-defined property "CAPACITANCE =  DONT_CARE" for instance <I_36_36> in unit <IBUF8_MXILINX_toplevel>.
    Set user-defined property "IBUF_DELAY_VALUE =  0" for instance <I_36_36> in unit <IBUF8_MXILINX_toplevel>.
    Set user-defined property "IBUF_LOW_PWR =  TRUE" for instance <I_36_36> in unit <IBUF8_MXILINX_toplevel>.
    Set user-defined property "IFD_DELAY_VALUE =  AUTO" for instance <I_36_36> in unit <IBUF8_MXILINX_toplevel>.
    Set user-defined property "IOSTANDARD =  DEFAULT" for instance <I_36_36> in unit <IBUF8_MXILINX_toplevel>.
    Set user-defined property "CAPACITANCE =  DONT_CARE" for instance <I_36_37> in unit <IBUF8_MXILINX_toplevel>.
    Set user-defined property "IBUF_DELAY_VALUE =  0" for instance <I_36_37> in unit <IBUF8_MXILINX_toplevel>.
    Set user-defined property "IBUF_LOW_PWR =  TRUE" for instance <I_36_37> in unit <IBUF8_MXILINX_toplevel>.
    Set user-defined property "IFD_DELAY_VALUE =  AUTO" for instance <I_36_37> in unit <IBUF8_MXILINX_toplevel>.
    Set user-defined property "IOSTANDARD =  DEFAULT" for instance <I_36_37> in unit <IBUF8_MXILINX_toplevel>.
Analyzing module <OBUF8_MXILINX_toplevel> in library <work>.
Module <OBUF8_MXILINX_toplevel> is correct for synthesis.
 
    Set user-defined property "CAPACITANCE =  DONT_CARE" for instance <I_36_30> in unit <OBUF8_MXILINX_toplevel>.
    Set user-defined property "DRIVE =  12" for instance <I_36_30> in unit <OBUF8_MXILINX_toplevel>.
    Set user-defined property "IOSTANDARD =  DEFAULT" for instance <I_36_30> in unit <OBUF8_MXILINX_toplevel>.
    Set user-defined property "SLEW =  SLOW" for instance <I_36_30> in unit <OBUF8_MXILINX_toplevel>.
    Set user-defined property "CAPACITANCE =  DONT_CARE" for instance <I_36_31> in unit <OBUF8_MXILINX_toplevel>.
    Set user-defined property "DRIVE =  12" for instance <I_36_31> in unit <OBUF8_MXILINX_toplevel>.
    Set user-defined property "IOSTANDARD =  DEFAULT" for instance <I_36_31> in unit <OBUF8_MXILINX_toplevel>.
    Set user-defined property "SLEW =  SLOW" for instance <I_36_31> in unit <OBUF8_MXILINX_toplevel>.
    Set user-defined property "CAPACITANCE =  DONT_CARE" for instance <I_36_32> in unit <OBUF8_MXILINX_toplevel>.
    Set user-defined property "DRIVE =  12" for instance <I_36_32> in unit <OBUF8_MXILINX_toplevel>.
    Set user-defined property "IOSTANDARD =  DEFAULT" for instance <I_36_32> in unit <OBUF8_MXILINX_toplevel>.
    Set user-defined property "SLEW =  SLOW" for instance <I_36_32> in unit <OBUF8_MXILINX_toplevel>.
    Set user-defined property "CAPACITANCE =  DONT_CARE" for instance <I_36_33> in unit <OBUF8_MXILINX_toplevel>.
    Set user-defined property "DRIVE =  12" for instance <I_36_33> in unit <OBUF8_MXILINX_toplevel>.
    Set user-defined property "IOSTANDARD =  DEFAULT" for instance <I_36_33> in unit <OBUF8_MXILINX_toplevel>.
    Set user-defined property "SLEW =  SLOW" for instance <I_36_33> in unit <OBUF8_MXILINX_toplevel>.
    Set user-defined property "CAPACITANCE =  DONT_CARE" for instance <I_36_34> in unit <OBUF8_MXILINX_toplevel>.
    Set user-defined property "DRIVE =  12" for instance <I_36_34> in unit <OBUF8_MXILINX_toplevel>.
    Set user-defined property "IOSTANDARD =  DEFAULT" for instance <I_36_34> in unit <OBUF8_MXILINX_toplevel>.
    Set user-defined property "SLEW =  SLOW" for instance <I_36_34> in unit <OBUF8_MXILINX_toplevel>.
    Set user-defined property "CAPACITANCE =  DONT_CARE" for instance <I_36_35> in unit <OBUF8_MXILINX_toplevel>.
    Set user-defined property "DRIVE =  12" for instance <I_36_35> in unit <OBUF8_MXILINX_toplevel>.
    Set user-defined property "IOSTANDARD =  DEFAULT" for instance <I_36_35> in unit <OBUF8_MXILINX_toplevel>.
    Set user-defined property "SLEW =  SLOW" for instance <I_36_35> in unit <OBUF8_MXILINX_toplevel>.
    Set user-defined property "CAPACITANCE =  DONT_CARE" for instance <I_36_36> in unit <OBUF8_MXILINX_toplevel>.
    Set user-defined property "DRIVE =  12" for instance <I_36_36> in unit <OBUF8_MXILINX_toplevel>.
    Set user-defined property "IOSTANDARD =  DEFAULT" for instance <I_36_36> in unit <OBUF8_MXILINX_toplevel>.
    Set user-defined property "SLEW =  SLOW" for instance <I_36_36> in unit <OBUF8_MXILINX_toplevel>.
    Set user-defined property "CAPACITANCE =  DONT_CARE" for instance <I_36_37> in unit <OBUF8_MXILINX_toplevel>.
    Set user-defined property "DRIVE =  12" for instance <I_36_37> in unit <OBUF8_MXILINX_toplevel>.
    Set user-defined property "IOSTANDARD =  DEFAULT" for instance <I_36_37> in unit <OBUF8_MXILINX_toplevel>.
    Set user-defined property "SLEW =  SLOW" for instance <I_36_37> in unit <OBUF8_MXILINX_toplevel>.
Analyzing Entity <x7seg> in library <work> (Architecture <behavioral>).
Entity <x7seg> analyzed. Unit <x7seg> generated.


=========================================================================
*                           HDL Synthesis                               *
=========================================================================

Performing bidirectional port resolution...

Synthesizing Unit <x7seg>.
    Related source file is "/home/l3/yangz/Documents/TPs/Archi/Archi/x7seg.vhd".
    Found 16x7-bit ROM for signal <sevenseg>.
    Summary:
	inferred   1 ROM(s).
Unit <x7seg> synthesized.


Synthesizing Unit <IBUF8_MXILINX_toplevel>.
    Related source file is "toplevel.vf".
Unit <IBUF8_MXILINX_toplevel> synthesized.


Synthesizing Unit <OBUF8_MXILINX_toplevel>.
    Related source file is "toplevel.vf".
Unit <OBUF8_MXILINX_toplevel> synthesized.


Synthesizing Unit <toplevel>.
    Related source file is "toplevel.vf".
Unit <toplevel> synthesized.


=========================================================================
HDL Synthesis Report

Macro Statistics
# ROMs                                                 : 1
 16x7-bit ROM                                          : 1

=========================================================================

=========================================================================
*                       Advanced HDL Synthesis                          *
=========================================================================


=========================================================================
Advanced HDL Synthesis Report

Macro Statistics
# ROMs                                                 : 1
 16x7-bit ROM                                          : 1

=========================================================================

=========================================================================
*                         Low Level Synthesis                           *
=========================================================================

Optimizing unit <toplevel> ...

Optimizing unit <IBUF8_MXILINX_toplevel> ...

Optimizing unit <OBUF8_MXILINX_toplevel> ...

Mapping all equations...
Building and optimizing final netlist ...
Found area constraint ratio of 100 (+ 5) on block toplevel, actual ratio is 0.

Final Macro Processing ...

=========================================================================
Final Register Report

Found no macro
=========================================================================

=========================================================================
*                           Partition Report                            *
=========================================================================

Partition Implementation Status
-------------------------------

  No Partitions were found in this design.

-------------------------------

=========================================================================
*                            Final Report                               *
=========================================================================
Final Results
RTL Top Level Output File Name     : toplevel.ngr
Top Level Output File Name         : toplevel
Output Format                      : NGC
Optimization Goal                  : Speed
Keep Hierarchy                     : No

Design Statistics
# IOs                              : 27

Cell Usage :
# BELS                             : 9
#      GND                         : 1
#      LUT4                        : 7
#      VCC                         : 1
# IO Buffers                       : 27
#      IBUF                        : 8
#      OBUF                        : 19
=========================================================================

Device utilization summary:
---------------------------

Selected Device : 3s1200efg320-4 

 Number of Slices:                        4  out of   8672     0%  
 Number of 4 input LUTs:                  7  out of  17344     0%  
 Number of IOs:                          27
 Number of bonded IOBs:                  27  out of    250    10%  

---------------------------
Partition Resource Summary:
---------------------------

  No Partitions were found in this design.

---------------------------


=========================================================================
TIMING REPORT

NOTE: THESE TIMING NUMBERS ARE ONLY A SYNTHESIS ESTIMATE.
      FOR ACCURATE TIMING INFORMATION PLEASE REFER TO THE TRACE REPORT
      GENERATED AFTER PLACE-and-ROUTE.

Clock Information:
------------------
No clock signals found in this design

Asynchronous Control Signals Information:
----------------------------------------
No asynchronous control signals found in this design

Timing Summary:
---------------
Speed Grade: -4

   Minimum period: No path found
   Minimum input arrival time before clock: No path found
   Maximum output required time after clock: No path found
   Maximum combinational path delay: 6.546ns

Timing Detail:
--------------
All values displayed in nanoseconds (ns)

=========================================================================
Timing constraint: Default path analysis
  Total number of paths / destination ports: 36 / 15
-------------------------------------------------------------------------
Delay:               6.546ns (Levels of Logic = 4)
  Source:            switches<1> (PAD)
  Destination:       sevenseg<6> (PAD)

  Data Path: switches<1> to sevenseg<6>
                                Gate     Net
    Cell:in->out      fanout   Delay   Delay  Logical Name (Net Name)
    ----------------------------------------  ------------
     begin scope: 'XLXI_1'
     IBUF:I->O             8   1.218   0.932  I_36_36 (O<1>)
     end scope: 'XLXI_1'
     LUT4:I0->O            1   0.704   0.420  XLXI_4/Mrom_sevenseg21 (sevenseg_2_OBUF)
     OBUF:I->O                 3.272          sevenseg_2_OBUF (sevenseg<2>)
    ----------------------------------------
    Total                      6.546ns (5.194ns logic, 1.352ns route)
                                       (79.3% logic, 20.7% route)

=========================================================================


Total REAL time to Xst completion: 3.00 secs
Total CPU time to Xst completion: 2.42 secs
 
--> 


Total memory usage is 344948 kilobytes

Number of errors   :    0 (   0 filtered)
Number of warnings :   48 (   0 filtered)
Number of infos    :    0 (   0 filtered)

