\BOOKMARK [1][-]{section.1}{免责声明}{}% 1
\BOOKMARK [1][-]{section.2}{《刑法》}{}% 2
\BOOKMARK [2][-]{subsection.2.1}{抢劫罪}{section.2}% 3
\BOOKMARK [2][-]{subsection.2.2}{强奸罪}{section.2}% 4
\BOOKMARK [2][-]{subsection.2.3}{杀人罪}{section.2}% 5
\BOOKMARK [2][-]{subsection.2.4}{正当防卫}{section.2}% 6
\BOOKMARK [3][-]{subsubsection.2.4.1}{法律条文}{subsection.2.4}% 7
\BOOKMARK [3][-]{subsubsection.2.4.2}{解析}{subsection.2.4}% 8
\BOOKMARK [3][-]{subsubsection.2.4.3}{常规案例}{subsection.2.4}% 9
\BOOKMARK [3][-]{subsubsection.2.4.4}{通俗解释}{subsection.2.4}% 10
\BOOKMARK [2][-]{subsection.2.5}{猥亵罪}{section.2}% 11
\BOOKMARK [2][-]{subsection.2.6}{拐卖妇女、儿童罪}{section.2}% 12
\BOOKMARK [2][-]{subsection.2.7}{非法搜查罪}{section.2}% 13
\BOOKMARK [2][-]{subsection.2.8}{虐待家庭成员罪}{section.2}% 14
\BOOKMARK [2][-]{subsection.2.9}{故意伤害罪}{section.2}% 15
\BOOKMARK [2][-]{subsection.2.10}{走私、贩卖、运输、制造毒品罪}{section.2}% 16
\BOOKMARK [1][-]{section.3}{《民法通则》}{}% 17
\BOOKMARK [1][-]{section.4}{《治安管理处罚法》}{}% 18
\BOOKMARK [1][-]{section.5}{《劳动法》}{}% 19
\BOOKMARK [1][-]{section.6}{《专利法》}{}% 20
\BOOKMARK [1][-]{section.7}{《宗教事务条例》}{}% 21
\BOOKMARK [1][-]{section.8}{《禁毒法》}{}% 22
